<?xml version="1.0" encoding="UTF-8"?>
<!-- Generated by org.testng.reporters.JUnitXMLReporter -->
<testsuite hostname="MacBook-Pro-de-Juan.local" name="Test(failed)" tests="1" failures="1" timestamp="26 May 2016 14:59:21 GMT" time="10.271" errors="0">
  <testcase name="verifyProductPrice" time="0.015" classname="testLibrary.SmokeTest">
    <failure type="java.lang.NullPointerException">
      <![CDATA[java.lang.NullPointerException
	at testLibrary.SmokeTest.verifyProductPrice(SmokeTest.java:35)
... Removed 24 stack frames]]>
    </failure>
  </testcase> <!-- verifyProductPrice -->
</testsuite> <!-- Test(failed) -->
