<?xml version="1.0" encoding="UTF-8"?>
<!-- Generated by org.testng.reporters.JUnitXMLReporter -->
<testsuite hostname="MacBook-Pro-de-Juan.local" name="Test Chrome Large" tests="6" failures="0" timestamp="31 May 2016 20:57:03 GMT" time="27.453" errors="0">
  <testcase name="verifyProductPrice" time="5.655" classname="testLibrary.SmokeTestRemote"/>
  <testcase name="fillAccountForm" time="1.643" classname="testLibrary.SmokeTestRemote"/>
  <testcase name="fillPaymentForm" time="0.941" classname="testLibrary.SmokeTestRemote"/>
  <testcase name="fillBillingForm" time="1.855" classname="testLibrary.SmokeTestRemote"/>
  <testcase name="fillShippingForm" time="3.267" classname="testLibrary.SmokeTestRemote"/>
  <testcase name="applyPromoCode" time="1.912" classname="testLibrary.SmokeTestRemote"/>
</testsuite> <!-- Test Chrome Large -->
