<?xml version="1.0" encoding="UTF-8"?>
<!-- Generated by org.testng.reporters.JUnitXMLReporter -->
<testsuite hostname="MacBook-Pro-de-Juan.local" name="Test Firefox" tests="3" failures="0" timestamp="30 May 2016 21:06:00 GMT" time="42.867" errors="0">
  <testcase name="verifyProductPrice" time="5.828" classname="testLibrary.SmokeTestRemote"/>
  <testcase name="fillForm" time="2.888" classname="testLibrary.SmokeTestRemote"/>
  <testcase name="fillFieldTest" time="2.344" classname="testLibrary.SmokeTestRemote"/>
</testsuite> <!-- Test Firefox -->
