<?xml version="1.0" encoding="UTF-8"?>
<!-- Generated by org.testng.reporters.JUnitXMLReporter -->
<testsuite hostname="MacBook-Pro-de-Juan.local" name="Test Firefox Small" tests="6" failures="0" timestamp="31 May 2016 20:58:32 GMT" time="31.932" errors="0">
  <testcase name="verifyProductPrice" time="6.595" classname="testLibrary.SmokeTestRemote"/>
  <testcase name="fillAccountForm" time="1.598" classname="testLibrary.SmokeTestRemote"/>
  <testcase name="fillPaymentForm" time="1.25" classname="testLibrary.SmokeTestRemote"/>
  <testcase name="fillBillingForm" time="3.487" classname="testLibrary.SmokeTestRemote"/>
  <testcase name="fillShippingForm" time="4.437" classname="testLibrary.SmokeTestRemote"/>
  <testcase name="applyPromoCode" time="2.157" classname="testLibrary.SmokeTestRemote"/>
</testsuite> <!-- Test Firefox Small -->
