<?xml version="1.0" encoding="UTF-8"?>
<!-- Generated by org.testng.reporters.JUnitXMLReporter -->
<testsuite hostname="MacBook-Pro-de-Juan.local" name="Test Firefox large" tests="6" failures="0" timestamp="31 May 2016 20:57:37 GMT" time="34.1" errors="0">
  <testcase name="verifyProductPrice" time="6.375" classname="testLibrary.SmokeTestRemote"/>
  <testcase name="fillAccountForm" time="1.722" classname="testLibrary.SmokeTestRemote"/>
  <testcase name="fillPaymentForm" time="1.464" classname="testLibrary.SmokeTestRemote"/>
  <testcase name="fillBillingForm" time="3.761" classname="testLibrary.SmokeTestRemote"/>
  <testcase name="fillShippingForm" time="4.844" classname="testLibrary.SmokeTestRemote"/>
  <testcase name="applyPromoCode" time="1.914" classname="testLibrary.SmokeTestRemote"/>
</testsuite> <!-- Test Firefox large -->
